<?xml version="1.0" encoding="UTF-8"?>
<!-- Generated by org.testng.reporters.JUnitReportReporter -->
<testsuite hostname="DESKTOP-5QHRS1G" failures="0" tests="1" name="test.C" time="0.001" errors="0" timestamp="2021-02-21T02:43:35 MSK" skipped="0">
  <testcase classname="test.C" name="method2" time="0.001"/>
  <system-out/>
</testsuite> <!-- test.C -->
