<?xml version="1.0" encoding="UTF-8"?>
<!-- Generated by org.testng.reporters.JUnitReportReporter -->
<testsuite hostname="DESKTOP-5QHRS1G" failures="0" tests="2" name="test.A" time="0.073" errors="0" timestamp="2021-02-21T02:43:35 MSK" skipped="0">
  <testcase classname="test.A" name="method1" time="0.030"/>
  <system-out/>
  <testcase classname="test.A" name="method3" time="0.043"/>
  <system-out/>
</testsuite> <!-- test.A -->
