<?xml version="1.0" encoding="UTF-8"?>
<!-- Generated by org.testng.reporters.JUnitReportReporter -->
<testsuite hostname="DESKTOP-5QHRS1G" failures="0" tests="2" name="test.TestA" time="0.007" errors="0" timestamp="2021-02-20T12:49:03 MSK" skipped="0">
  <testcase classname="test.TestA" name="method2" time="0.001"/>
  <system-out/>
  <testcase classname="test.TestA" name="method1" time="0.006"/>
  <system-out/>
</testsuite> <!-- test.TestA -->
