<?xml version="1.0" encoding="UTF-8"?>
<!-- Generated by org.testng.reporters.JUnitReportReporter -->
<testsuite hostname="DESKTOP-5QHRS1G" failures="0" tests="1" name="test.TestB" time="0.001" errors="0" timestamp="2021-02-20T16:40:55 MSK" skipped="0">
  <testcase classname="test.TestB" name="method2" time="0.001"/>
  <system-out/>
</testsuite> <!-- test.TestB -->
