<?xml version="1.0" encoding="UTF-8"?>
<!-- Generated by org.testng.reporters.JUnitReportReporter -->
<testsuite hostname="DESKTOP-5QHRS1G" failures="0" tests="1" name="test.A" time="0.007" errors="0" timestamp="2021-02-19T18:29:45 MSK" skipped="0">
  <testcase classname="test.A" name="test" time="0.007"/>
  <system-out/>
</testsuite> <!-- test.A -->
