<?xml version="1.0" encoding="UTF-8"?>
<!-- Generated by org.testng.reporters.JUnitReportReporter -->
<testsuite hostname="DESKTOP-5QHRS1G" failures="0" tests="1" name="test.C" time="0.000" errors="0" timestamp="2021-02-21T00:59:37 MSK" skipped="0">
  <testcase classname="test.C" name="method1" time="0.000"/>
  <system-out/>
</testsuite> <!-- test.C -->
