<?xml version="1.0" encoding="UTF-8"?>
<!-- Generated by org.testng.reporters.JUnitReportReporter -->
<testsuite hostname="DESKTOP-5QHRS1G" failures="0" tests="1" name="test.TestC" time="0.001" errors="0" timestamp="2021-02-19T18:29:45 MSK" skipped="0">
  <testcase classname="test.TestC" name="test" time="0.001"/>
  <system-out/>
</testsuite> <!-- test.TestC -->
