<?xml version="1.0" encoding="UTF-8"?>
<!-- Generated by org.testng.reporters.JUnitReportReporter -->
<testsuite hostname="DESKTOP-5QHRS1G" failures="0" tests="1" name="test.B" time="0.000" errors="0" timestamp="2021-02-21T01:11:51 MSK" skipped="0">
  <testcase classname="test.B" name="method2" time="0.000"/>
  <system-out/>
</testsuite> <!-- test.B -->
