<?xml version="1.0" encoding="UTF-8"?>
<!-- Generated by org.testng.reporters.JUnitReportReporter -->
<testsuite hostname="DESKTOP-5QHRS1G" failures="0" tests="1" name="test.TestA" time="0.005" errors="0" timestamp="2021-02-20T16:40:55 MSK" skipped="0">
  <testcase classname="test.TestA" name="method1" time="0.005"/>
  <system-out/>
</testsuite> <!-- test.TestA -->
